<?xml version="1.0" encoding="UTF-8"?>
<!-- Generated by org.testng.reporters.JUnitReportReporter -->
<testsuite hostname="IND0141LT" name="com.intellicus.demo.testcases.AdHocReportTest" tests="1" failures="0" timestamp="31 May 2018 07:59:08 GMT" time="114.323" errors="0">
  <testcase name="adHocReportTest" time="114.323" classname="com.intellicus.demo.testcases.AdHocReportTest"/>
</testsuite> <!-- com.intellicus.demo.testcases.AdHocReportTest -->
