<?xml version="1.0" encoding="UTF-8"?>
<!-- Generated by org.testng.reporters.JUnitReportReporter -->
<testsuite hostname="IND0141LT" name="com.intellicus.demo.testcases.AdHocReportRun" tests="1" failures="0" timestamp="30 May 2018 14:26:44 GMT" time="113.592" errors="0">
  <testcase name="launchURL" time="113.592" classname="com.intellicus.demo.testcases.AdHocReportRun"/>
</testsuite> <!-- com.intellicus.demo.testcases.AdHocReportRun -->
